Compilación iniciada a las 2/2/2013 11:08:25 AM.
     1>Proyecto "C:\Users\Samuel\Desktop\Proyectos C++\Cambiador de realmlist\Cambiador de realmlist\Cambiador de realmlist.vcxproj" en el nodo 2 (Build destinos).
     1>ClCompile:
         C:\Program Files (x86)\Microsoft Visual Studio 11.0\VC\bin\CL.exe /c /AI"C:\Program Files (x86)\Reference Assemblies\Microsoft\Framework\.NETFramework\v4.5\\" /AI"C:\Program Files (x86)\Windows Kits\8.0\References\CommonConfiguration\Neutral" /AI"C:\Program Files (x86)\Reference Assemblies\Microsoft\Framework\.NETFramework\v4.5\Facades\\" /Zi /clr /nologo /W3 /WX- /Od /Oy- /D WIN32 /D _DEBUG /D _UNICODE /D UNICODE /EHa /MDd /GS /fp:precise /Zc:wchar_t /Zc:forScope /Fo"Debug\\" /Fd"Debug\vc110.pdb" /TP /FU"C:\Program Files (x86)\Reference Assemblies\Microsoft\Framework\.NETFramework\v4.5\mscorlib.dll" /FU"C:\Program Files (x86)\Reference Assemblies\Microsoft\Framework\.NETFramework\v4.5\System.Data.dll" /FU"C:\Program Files (x86)\Reference Assemblies\Microsoft\Framework\.NETFramework\v4.5\System.dll" /FU"C:\Program Files (x86)\Reference Assemblies\Microsoft\Framework\.NETFramework\v4.5\System.Drawing.dll" /FU"C:\Program Files (x86)\Reference Assemblies\Microsoft\Framework\.NETFramework\v4.5\System.Windows.Forms.dll" /FU"C:\Program Files (x86)\Reference Assemblies\Microsoft\Framework\.NETFramework\v4.5\System.Xml.dll" /analyze- /errorReport:prompt /clr:nostdlib Log.cpp Main.cpp
         Log.cpp
         Main.cpp
     1>Main.cpp(68): warning C4996: 'fopen': This function or variable may be unsafe. Consider using fopen_s instead. To disable deprecation, use _CRT_SECURE_NO_WARNINGS. See online help for details.
                 C:\Program Files (x86)\Microsoft Visual Studio 11.0\VC\include\stdio.h(218) : vea la declaración de 'fopen'
         Generando código...
     1>c:\users\samuel\desktop\proyectos c++\cambiador de realmlist\cambiador de realmlist\log.cpp(41): warning C4793: 'Log::outError' : función compilada como nativa :
         	varargs no admitidos en /clr
     1>c:\users\samuel\desktop\proyectos c++\cambiador de realmlist\cambiador de realmlist\log.cpp(47): warning C4793: 'Log::outError' : función compilada como nativa :
         	Se encontró un elemento intrínseco no admitido en código administrado
     1>c:\users\samuel\desktop\proyectos c++\cambiador de realmlist\cambiador de realmlist\log.cpp(49): warning C4793: 'Log::outError' : función compilada como nativa :
         	Se encontró un elemento intrínseco no admitido en código administrado
         C:\Program Files (x86)\Microsoft Visual Studio 11.0\VC\bin\CL.exe /c /Zi /clr /nologo /W3 /WX- /Od /Oy- /D WIN32 /D _DEBUG /D _UNICODE /D UNICODE /EHa /MDd /GS /fp:precise /Zc:wchar_t /Zc:forScope /Fo"Debug\\" /Fd"Debug\vc110.pdb" /TP /analyze- /errorReport:prompt "C:\Users\Samuel\AppData\Local\Temp\.NETFramework,Version=v4.5.AssemblyAttributes.cpp"
         .NETFramework,Version=v4.5.AssemblyAttributes.cpp
       Link:
         C:\Program Files (x86)\Microsoft Visual Studio 11.0\VC\bin\link.exe /ERRORREPORT:PROMPT /OUT:"C:\Users\Samuel\Desktop\Proyectos C++\Cambiador de realmlist\Debug\Cambiador de realmlist.exe" /INCREMENTAL /NOLOGO /ASSEMBLYRESOURCE:Debug\Cambiadorderealmlist.Main.resources /MANIFEST /MANIFESTUAC:"level='asInvoker' uiAccess='false'" /manifest:embed /DEBUG /PDB:"C:\Users\Samuel\Desktop\Proyectos C++\Cambiador de realmlist\Debug\Cambiador de realmlist.pdb" /ASSEMBLYDEBUG /TLBID:1 /DYNAMICBASE /FIXED:NO /NXCOMPAT /MACHINE:X86 Debug\Log.obj
         Debug\Main.obj
         "Debug\.NETFramework,Version=v4.5.AssemblyAttributes.obj"
         Cambiador de realmlist.vcxproj -> C:\Users\Samuel\Desktop\Proyectos C++\Cambiador de realmlist\Debug\Cambiador de realmlist.exe
     1>Compilación del proyecto terminada "C:\Users\Samuel\Desktop\Proyectos C++\Cambiador de realmlist\Cambiador de realmlist\Cambiador de realmlist.vcxproj" (Build destinos).

Compilación correcta.

Tiempo transcurrido 00:00:16.63
